T oC : 0x83, 0x50, 0x00, 0x00
mult V/oC : 0x83, 0x2A, 0x6F, 0x4C
deltaU, ue LH: 29 02
deltaU ue : 0x88, 0x0A, 0x7A, 0x6E
Usm src, ue LH: 6F 0D
Usm src, ue float32: 0x8A, 0x56, 0xF1, 0x64

T oC : 0x83, 0x50, 0x00, 0x00
mult V/oC : 0x83, 0x2A, 0x6F, 0x4C
deltaU, ue LH: 29 02
deltaU ue : 0x88, 0x0A, 0x7A, 0x6E
Usm src, ue LH: 6F 0D
Usm src, ue float32: 0x8A, 0x56, 0xF1, 0x64

T oC : 0x83, 0x50, 0x00, 0x00
mult V/oC : 0x83, 0x2A, 0x6F, 0x4C
deltaU, ue LH: 29 02
deltaU ue : 0x88, 0x0A, 0x7A, 0x6E
Usm src, ue LH: 6F 0D
Usm src, ue float32: 0x8A, 0x56, 0xF1, 0x64

Usm src, ue float32: 0x80, 0x39, 0x99, 0x98
T oC : 0x83, 0x50, 0x00, 0x00
mult V/oC : 0x83, 0x2A, 0x6F, 0x4C
deltaU, ue LH: 29 02
deltaU ue : 0x88, 0x0A, 0x7A, 0x6E
Usm src, ue LH: 6F 0D
Usm src, ue float32: 0x8A, 0x56, 0xF1, 0x64

Usm src, ue float32: 0x80, 0x39, 0x99, 0x98
T oC : 0x83, 0x50, 0x00, 0x00
mult V/oC : 0x83, 0x2A, 0x6F, 0x4C
deltaU, ue LH: 29 02
deltaU ue : 0x88, 0x0A, 0x7A, 0x6E
Usm src, ue LH: 6F 0D
Usm src, ue float32: 0x8A, 0x56, 0xF1, 0x64

Usm src, ue float32: 0x80, 0x39, 0x99, 0x98
T oC : 0x83, 0x50, 0x00, 0x00
mult V/oC : 0x83, 0x2A, 0x6F, 0x4C
deltaU, ue LH: 29 02
deltaU ue : 0x88, 0x0A, 0x7A, 0x6E
Usm src, ue LH: 6F 0D
Usm src, ue float32: 0x8A, 0x56, 0xF1, 0x64

Usm src, ue float32: 0x80, 0x39, 0x99, 0x98
